<?xml version="1.0" encoding="UTF-8"?>
<testng-results ignored="0" total="1" passed="1" failed="0" skipped="0">
  <reporter-output>
  </reporter-output>
  <suite started-at="2024-07-12T14:23:47 IST" name="Default suite" finished-at="2024-07-12T14:23:48 IST" duration-ms="1537">
    <groups>
    </groups>
    <test started-at="2024-07-12T14:23:47 IST" name="Default test" finished-at="2024-07-12T14:23:48 IST" duration-ms="1537">
      <class name="com.facebooklogin.facebookLogin">
        <test-method is-config="true" signature="setup()[pri:0, instance:com.facebooklogin.facebookLogin@79924b]" started-at="2024-07-12T14:23:45 IST" name="setup" finished-at="2024-07-12T14:23:47 IST" duration-ms="1487" status="PASS">
          <reporter-output>
          </reporter-output>
        </test-method> <!-- setup -->
        <test-method is-config="true" signature="launchURL()[pri:0, instance:com.facebooklogin.facebookLogin@79924b]" started-at="2024-07-12T14:23:47 IST" name="launchURL" finished-at="2024-07-12T14:23:48 IST" duration-ms="1342" status="PASS">
          <reporter-output>
          </reporter-output>
        </test-method> <!-- launchURL -->
        <test-method signature="login()[pri:0, instance:com.facebooklogin.facebookLogin@79924b]" started-at="2024-07-12T14:23:48 IST" name="login" finished-at="2024-07-12T14:23:48 IST" duration-ms="170" status="PASS">
          <reporter-output>
          </reporter-output>
        </test-method> <!-- login -->
      </class> <!-- com.facebooklogin.facebookLogin -->
    </test> <!-- Default test -->
  </suite> <!-- Default suite -->
</testng-results>
