<?xml version="1.0" encoding="UTF-8"?>
<!-- Generated by org.testng.reporters.JUnitXMLReporter -->
<testsuite ignored="0" hostname="LAPTOP-J14H5MOF" failures="0" tests="8" name="Test" time="8.486" errors="0" timestamp="2024-07-12T10:39:31 IST">
  <testcase classname="TestNG_Demo.testLogo" name="OpenApp" time="3.564"/>
  <testcase classname="TestNG_Demo.testLogo" name="TestLogo" time="0.027"/>
  <testcase classname="TestNG_Demo.firsttestcase" name="ExitApp" time="0.001"/>
  <testcase classname="TestNG_Demo.firsttestcase" name="loginApp" time="0.001"/>
  <testcase classname="TestNG_Demo.firsttestcase" name="openApp" time="0.001"/>
  <testcase classname="TestNG_Demo.launch_browser" name="browser_launch" time="4.828"/>
  <testcase classname="TestNG_Demo.Test_Case_Annotation" name="test1" time="0.001"/>
  <testcase classname="TestNG_Demo.Test_Case_Annotation" name="test2" time="0.001"/>
</testsuite> <!-- Test -->
